<?xml version="1.0" encoding="UTF-8" ?>
<testsuite errors="1" failures="0" hostname="L0000004" name="Regressivo.CT_ICS_0001" skipped="0" tests="1" time="0.0" timestamp="2018-06-01T15:54:18">
  <properties>
    <property name="java.vendor" value="Oracle Corporation" />
    <property name="env.USERDOMAIN_ROAMINGPROFILE" value="VECTORITCGROUP" />
    <property name="sun.java.launcher" value="SUN_STANDARD" />
    <property name="sun.management.compiler" value="HotSpot Client Compiler" />
    <property name="env.PROMPT" value="$P$G" />
    <property name="os.name" value="Windows 10" />
    <property name="sun.boot.class.path" value="C:\Program Files (x86)\Silk\SilkTest\ng\jre\lib\resources.jar;C:\Program Files (x86)\Silk\SilkTest\ng\jre\lib\rt.jar;C:\Program Files (x86)\Silk\SilkTest\ng\jre\lib\sunrsasign.jar;C:\Program Files (x86)\Silk\SilkTest\ng\jre\lib\jsse.jar;C:\Program Files (x86)\Silk\SilkTest\ng\jre\lib\jce.jar;C:\Program Files (x86)\Silk\SilkTest\ng\jre\lib\charsets.jar;C:\Program Files (x86)\Silk\SilkTest\ng\jre\lib\jfr.jar;C:\Program Files (x86)\Silk\SilkTest\ng\jre\classes" />
    <property name="env.COMPUTERNAME" value="L0000004" />
    <property name="env.CommonProgramW6432" value="C:\Program Files\Common Files" />
    <property name="env.ALLUSERSPROFILE" value="C:\ProgramData" />
    <property name="sun.desktop" value="windows" />
    <property name="java.vm.specification.vendor" value="Oracle Corporation" />
    <property name="ant.home" value="C:\Program Files (x86)\Silk\SilkTest\eclipse\plugins\org.apache.ant_1.10.1.v20170504-0840" />
    <property name="java.runtime.version" value="1.8.0_144-b01" />
    <property name="env.HOMEPATH" value="\Users\acolella" />
    <property name="env.RegionCode" value="LA" />
    <property name="user.name" value="acolella" />
    <property name="ant.file.type.ICS_TotalExpress" value="file" />
    <property name="env.OPEN_AGENT_HOME" value="C:\Program Files (x86)\Silk\SilkTest\ng" />
    <property name="user.language" value="pt" />
    <property name="sun.boot.library.path" value="C:\Program Files (x86)\Silk\SilkTest\ng\jre\bin" />
    <property name="ant.project.default-target" value="build" />
    <property name="ant.project.name" value="ICS_TotalExpress" />
    <property name="java.version" value="1.8.0_144" />
    <property name="env.PROCESSOR_IDENTIFIER" value="Intel64 Family 6 Model 78 Stepping 3, GenuineIntel" />
    <property name="env.OnlineServices" value="Online Services" />
    <property name="user.timezone" value="" />
    <property name="env.TEMP" value="C:\Users\acolella\AppData\Local\Temp" />
    <property name="sun.arch.data.model" value="32" />
    <property name="java.endorsed.dirs" value="C:\Program Files (x86)\Silk\SilkTest\ng\jre\lib\endorsed" />
    <property name="env.PROCESSOR_ARCHITEW6432" value="AMD64" />
    <property name="sun.cpu.isalist" value="pentium_pro+mmx pentium_pro pentium+mmx pentium i486 i386 i86" />
    <property name="env.HOMEDRIVE" value="C:" />
    <property name="sun.jnu.encoding" value="Cp1252" />
    <property name="file.encoding.pkg" value="sun.io" />
    <property name="file.separator" value="\" />
    <property name="java.specification.name" value="Java Platform API Specification" />
    <property name="java.class.version" value="52.0" />
    <property name="user.country" value="BR" />
    <property name="java.home" value="C:\Program Files (x86)\Silk\SilkTest\ng\jre" />
    <property name="env.PSModulePath" value="C:\Program Files\WindowsPowerShell\Modules;C:\WINDOWS\system32\WindowsPowerShell\v1.0\Modules" />
    <property name="env.APPDATA" value="C:\Users\acolella\AppData\Roaming" />
    <property name="env.PUBLIC" value="C:\Users\Public" />
    <property name="java.vm.info" value="mixed mode" />
    <property name="env.ComSpec" value="C:\WINDOWS\system32\cmd.exe" />
    <property name="env.OS" value="Windows_NT" />
    <property name="env.CommonProgramFiles" value="C:\Program Files (x86)\Common Files" />
    <property name="ant.file" value="C:\Users\acolella\Documents\Vector\BKDOCUMENTOS\eclipse-workspace\OdontoPrev\ICS_TotalExpress\build.xml" />
    <property name="os.version" value="10.0" />
    <property name="env.ProgramW6432" value="C:\Program Files" />
    <property name="path.separator" value=";" />
    <property name="java.vm.version" value="25.144-b01" />
    <property name="user.variant" value="" />
    <property name="env.USERPROFILE" value="C:\Users\acolella" />
    <property name="ant.library.dir" value="C:\Program Files (x86)\Silk\SilkTest\eclipse\plugins\org.apache.ant_1.10.1.v20170504-0840\lib" />
    <property name="junit.output.dir" value="junit" />
    <property name="java.awt.printerjob" value="sun.awt.windows.WPrinterJob" />
    <property name="env.PTSMINSTALLPATH" value="c:\Program Files\HP\HP ProtectTools Security Manager\Bin\" />
    <property name="env.TMP" value="C:\Users\acolella\AppData\Local\Temp" />
    <property name="sun.io.unicode.encoding" value="UnicodeLittle" />
    <property name="awt.toolkit" value="sun.awt.windows.WToolkit" />
    <property name="user.script" value="" />
    <property name="user.home" value="C:\Users\acolella" />
    <property name="target" value="1.8" />
    <property name="env.ProgramData" value="C:\ProgramData" />
    <property name="env.SESSIONNAME" value="Console" />
    <property name="env.ProgramFiles(x86)" value="C:\Program Files (x86)" />
    <property name="java.specification.vendor" value="Oracle Corporation" />
    <property name="env.NUMBER_OF_PROCESSORS" value="4" />
    <property name="java.library.path" value="C:\Program Files (x86)\Silk\SilkTest\ng\jre\bin;C:\WINDOWS\Sun\Java\bin;C:\WINDOWS\system32;C:\WINDOWS;C:\Program Files (x86)\Common Files\Oracle\Java\javapath;C:\ProgramData\Oracle\Java\javapath;C:\Program Files (x86)\Intel\iCLS Client\;C:\Program Files\Intel\iCLS Client\;C:\WINDOWS\system32;C:\WINDOWS;C:\WINDOWS\System32\Wbem;C:\WINDOWS\System32\WindowsPowerShell\v1.0\;C:\Program Files (x86)\Intel\Intel(R) Management Engine Components\DAL;C:\Program Files\Intel\Intel(R) Management Engine Components\DAL;C:\Program Files (x86)\Intel\Intel(R) Management Engine Components\IPT;C:\Program Files\Intel\Intel(R) Management Engine Components\IPT;C:\Program Files (x86)\Panda Security\WaAgent\Common;C:\Program Files\dotnet\;C:\Program Files\Microsoft SQL Server\130\Tools\Binn\;C:\Program Files (x86)\Silk\SilkTest;C:\Program Files (x86)\Silk\SilkTest\ng\gui;C:\Program Files\Intel\WiFi\bin\;C:\Program Files\Common Files\Intel\WirelessCommon\;C:\Users\acolella\AppData\Local\Microsoft\WindowsApps;;." />
    <property name="java.vendor.url" value="http://java.oracle.com/" />
    <property name="env.USERDNSDOMAIN" value="VECTORITCGROUP.COM" />
    <property name="java.vm.vendor" value="Oracle Corporation" />
    <property name="java.runtime.name" value="Java(TM) SE Runtime Environment" />
    <property name="ant.version" value="Apache Ant(TM) version 1.10.1 compiled on February 2 2017" />
    <property name="sun.java.command" value="org.apache.tools.ant.taskdefs.optional.junit.JUnitTestRunner Regressivo.CT_ICS_0001 skipNonTests=false filtertrace=true haltOnError=false haltOnFailure=false formatter=org.apache.tools.ant.taskdefs.optional.junit.OutErrSummaryJUnitResultFormatter showoutput=false outputtoformatters=true logfailedtests=true threadid=0 logtestlistenerevents=false formatter=org.apache.tools.ant.taskdefs.optional.junit.XMLJUnitResultFormatter,C:\Users\acolella\Documents\Vector\BKDOCUMENTOS\eclipse-workspace\OdontoPrev\ICS_TotalExpress\junit\TEST-Regressivo.CT_ICS_0001.xml crashfile=C:\Users\acolella\Documents\Vector\BKDOCUMENTOS\eclipse-workspace\OdontoPrev\ICS_TotalExpress\junitvmwatcher4052922382418948090.properties propsfile=C:\Users\acolella\Documents\Vector\BKDOCUMENTOS\eclipse-workspace\OdontoPrev\ICS_TotalExpress\junit2116758861969750997.properties" />
    <property name="java.class.path" value="C:\Users\acolella\Documents\Vector\BKDOCUMENTOS\eclipse-workspace\OdontoPrev\ICS_TotalExpress\bin;C:\Program Files (x86)\Silk\SilkTest\eclipse\plugins\org.junit_4.12.0.v201504281640\junit.jar;C:\Program Files (x86)\Silk\SilkTest\eclipse\plugins\org.hamcrest.core_1.3.0.v201303031735.jar;C:\Users\acolella\Documents\Vector\GQT - Gerencia de Qualidade e Teste\Clientes\OdontoPrev\POC\client-combined-3.12.0.jar;C:\Users\acolella\Documents\Vector\GQT - Gerencia de Qualidade e Teste\Clientes\OdontoPrev\POC\client-combined-3.12.0-sources.jar;C:\Users\acolella\Documents\Vector\GQT - Gerencia de Qualidade e Teste\Clientes\OdontoPrev\POC\selenium-server-standalone-3.12.0.jar;C:\Users\acolella\Downloads\MonteMedia-0.7.7src-cc\MonteMediaCC\lib\jai_core.jar;C:\Users\acolella\Downloads\MonteMedia-0.7.7src-cc\MonteMediaCC\lib\jmf.jar;C:\Users\acolella\Downloads\MonteMedia-0.7.7src-cc\MonteMediaCC\dist\monte-cc.jar;C:\Users\acolella\.m2\repository\com\beust\jcommander\1.64\jcommander-1.64.jar;C:\Users\acolella\.m2\repository\pl\pragmatists\JUnitParams\1.1.0\JUnitParams-1.1.0.jar;C:\Users\acolella\Downloads\jar_files\bcprov-jdk15on-1.52.jar;C:\Users\acolella\Downloads\jar_files\castor-core-1.3.3.jar;C:\Users\acolella\Downloads\jar_files\castor-xml-1.3.3.jar;C:\Users\acolella\Downloads\jar_files\commons-beanutils-1.9.3.jar;C:\Users\acolella\Downloads\jar_files\commons-collections-3.2.2.jar;C:\Users\acolella\Downloads\jar_files\commons-digester-2.1.jar;C:\Users\acolella\Downloads\jar_files\commons-lang-2.6.jar;C:\Users\acolella\Downloads\jar_files\commons-logging-1.1.1.jar;C:\Users\acolella\Downloads\jar_files\core-3.2.1.jar;C:\Users\acolella\Downloads\jar_files\ecj-4.4.2.jar;C:\Users\acolella\Downloads\jar_files\icu4j-57.1.jar;C:\Users\acolella\Downloads\jar_files\itext-2.1.7.js6.jar;C:\Users\acolella\Downloads\jar_files\jackson-annotations-2.1.4.jar;C:\Users\acolella\Downloads\jar_files\jackson-core-2.1.4.jar;C:\Users\acolella\Downloads\jar_files\jackson-databind-2.1.4.jar;C:\Users\acolella\Downloads\jar_files\jakarta-regexp-1.4.jar;C:\Users\acolella\Downloads\jar_files\jasperreports-6.5.1.jar;C:\Users\acolella\Downloads\jar_files\javax.inject-1.jar;C:\Users\acolella\Downloads\jar_files\jcommon-1.0.23.jar;C:\Users\acolella\Downloads\jar_files\jfreechart-1.0.19.jar;C:\Users\acolella\Downloads\jar_files\lucene-analyzers-common-4.5.1.jar;C:\Users\acolella\Downloads\jar_files\lucene-core-4.5.1.jar;C:\Users\acolella\Downloads\jar_files\lucene-queries-4.5.1.jar;C:\Users\acolella\Downloads\jar_files\lucene-queryparser-4.5.1.jar;C:\Users\acolella\Downloads\jar_files\lucene-sandbox-4.5.1.jar;C:\Users\acolella\Downloads\jar_files\olap4j-0.9.7.309-JS-3.jar;C:\Users\acolella\Downloads\jar_files\stax-1.2.0.jar;C:\Users\acolella\Downloads\jar_files\stax-api-1.0.1.jar;C:\Users\acolella\Downloads\jar_files\stax-api-1.0-2.jar;C:\Users\acolella\Documents\Vector\GQT - Gerencia de Qualidade e Teste\Automação\Jars\poi-bin-3.17-20170915\poi-3.17\poi-3.17.jar;C:\Users\acolella\Documents\Vector\GQT - Gerencia de Qualidade e Teste\Automação\Jars\poi-bin-3.17-20170915\poi-3.17\poi-examples-3.17.jar;C:\Users\acolella\Documents\Vector\GQT - Gerencia de Qualidade e Teste\Automação\Jars\poi-bin-3.17-20170915\poi-3.17\poi-excelant-3.17.jar;C:\Users\acolella\Documents\Vector\GQT - Gerencia de Qualidade e Teste\Automação\Jars\poi-bin-3.17-20170915\poi-3.17\poi-ooxml-3.17.jar;C:\Users\acolella\Documents\Vector\GQT - Gerencia de Qualidade e Teste\Automação\Jars\poi-bin-3.17-20170915\poi-3.17\poi-ooxml-schemas-3.17.jar;C:\Users\acolella\Documents\Vector\GQT - Gerencia de Qualidade e Teste\Automação\Jars\poi-bin-3.17-20170915\poi-3.17\poi-scratchpad-3.17.jar;C:\Program Files (x86)\Silk\SilkTest\eclipse\plugins\org.apache.ant_1.10.1.v20170504-0840\lib\ant-launcher.jar;C:\Program Files (x86)\Silk\SilkTest\eclipse\plugins\org.apache.ant_1.10.1.v20170504-0840\lib\ant.jar;C:\Program Files (x86)\Silk\SilkTest\eclipse\plugins\org.apache.ant_1.10.1.v20170504-0840\lib\ant-junit.jar;C:\Program Files (x86)\Silk\SilkTest\eclipse\plugins\org.apache.ant_1.10.1.v20170504-0840\lib\ant-junit4.jar" />
    <property name="env.SEGUE_HOME" value="C:\Program Files (x86)\Silk\SilkTest\" />
    <property name="java.vm.specification.name" value="Java Virtual Machine Specification" />
    <property name="env.LOGONSERVER" value="\\VIG000SPDC" />
    <property name="env.windir" value="C:\WINDOWS" />
    <property name="env.PROCESSOR_ARCHITECTURE" value="x86" />
    <property name="java.vm.specification.version" value="1.8" />
    <property name="sun.os.patch.level" value="" />
    <property name="sun.cpu.endian" value="little" />
    <property name="debuglevel" value="source,lines,vars" />
    <property name="env.OneDrive" value="C:\Users\acolella\OneDrive" />
    <property name="env.ProgramFiles" value="C:\Program Files (x86)" />
    <property name="env.ANT_HOME" value="C:\Program Files (x86)\Silk\SilkTest\eclipse\plugins\org.apache.ant_1.10.1.v20170504-0840" />
    <property name="env.PROCESSOR_REVISION" value="4e03" />
    <property name="java.io.tmpdir" value="C:\Users\acolella\AppData\Local\Temp\" />
    <property name="env.CommonProgramFiles(x86)" value="C:\Program Files (x86)\Common Files" />
    <property name="java.vendor.url.bug" value="http://bugreport.sun.com/bugreport/" />
    <property name="env.SystemRoot" value="C:\WINDOWS" />
    <property name="java.awt.graphicsenv" value="sun.awt.Win32GraphicsEnvironment" />
    <property name="os.arch" value="x86" />
    <property name="java.ext.dirs" value="C:\Program Files (x86)\Silk\SilkTest\ng\jre\lib\ext;C:\WINDOWS\Sun\Java\lib\ext" />
    <property name="user.dir" value="C:\Users\acolella\Documents\Vector\BKDOCUMENTOS\eclipse-workspace\OdontoPrev\ICS_TotalExpress" />
    <property name="env.LOCALAPPDATA" value="C:\Users\acolella\AppData\Local" />
    <property name="env.FSHARPINSTALLDIR" value="C:\Program Files (x86)\Microsoft SDKs\F#\10.1\Framework\v4.0\" />
    <property name="line.separator" value="&#xd;&#xa;" />
    <property name="java.vm.name" value="Java HotSpot(TM) Client VM" />
    <property name="env.PATHEXT" value=".COM;.EXE;.BAT;.CMD;.VBS;.VBE;.JS;.JSE;.WSF;.WSH;.MSC" />
    <property name="env.Path" value="C:\Program Files (x86)\Common Files\Oracle\Java\javapath;C:\ProgramData\Oracle\Java\javapath;C:\Program Files (x86)\Intel\iCLS Client\;C:\Program Files\Intel\iCLS Client\;C:\WINDOWS\system32;C:\WINDOWS;C:\WINDOWS\System32\Wbem;C:\WINDOWS\System32\WindowsPowerShell\v1.0\;C:\Program Files (x86)\Intel\Intel(R) Management Engine Components\DAL;C:\Program Files\Intel\Intel(R) Management Engine Components\DAL;C:\Program Files (x86)\Intel\Intel(R) Management Engine Components\IPT;C:\Program Files\Intel\Intel(R) Management Engine Components\IPT;C:\Program Files (x86)\Panda Security\WaAgent\Common;C:\Program Files\dotnet\;C:\Program Files\Microsoft SQL Server\130\Tools\Binn\;C:\Program Files (x86)\Silk\SilkTest;C:\Program Files (x86)\Silk\SilkTest\ng\gui;C:\Program Files\Intel\WiFi\bin\;C:\Program Files\Common Files\Intel\WirelessCommon\;C:\Users\acolella\AppData\Local\Microsoft\WindowsApps;" />
    <property name="basedir" value="C:\Users\acolella\Documents\Vector\BKDOCUMENTOS\eclipse-workspace\OdontoPrev\ICS_TotalExpress" />
    <property name="ant.java.version" value="1.8" />
    <property name="ant.core.lib" value="C:\Program Files (x86)\Silk\SilkTest\eclipse\plugins\org.apache.ant_1.10.1.v20170504-0840\lib\ant.jar" />
    <property name="env.USERNAME" value="acolella" />
    <property name="source" value="1.8" />
    <property name="env.SystemDrive" value="C:" />
    <property name="file.encoding" value="Cp1252" />
    <property name="ant.file.ICS_TotalExpress" value="C:\Users\acolella\Documents\Vector\BKDOCUMENTOS\eclipse-workspace\OdontoPrev\ICS_TotalExpress\build.xml" />
    <property name="env.USERDOMAIN" value="VECTORITCGROUP" />
    <property name="env.PTSMINSTALLPATH_X86" value="c:\Program Files (x86)\HP\HP ProtectTools Security Manager\Bin\" />
    <property name="env.QAPHOOKS_INIDIR" value="C:\Program Files (x86)\Silk\SilkTest\" />
    <property name="env.SILK_CONFIG_PATH" value="C:\ProgramData\Borland\Silk\SilkMeter\cfg" />
    <property name="env.platformcode" value="AN" />
    <property name="java.specification.version" value="1.8" />
    <property name="ant.project.invoked-targets" value="CT_ICS_0001" />
    <property name="env.PROCESSOR_LEVEL" value="6" />
  </properties>
  <error message="Regressivo.CT_ICS_0001" type="java.lang.ClassNotFoundException">java.lang.ClassNotFoundException: Regressivo.CT_ICS_0001
	at java.net.URLClassLoader.findClass(Unknown Source)
	at java.lang.ClassLoader.loadClass(Unknown Source)
	at sun.misc.Launcher$AppClassLoader.loadClass(Unknown Source)
	at java.lang.ClassLoader.loadClass(Unknown Source)
	at java.lang.Class.forName0(Native Method)
	at java.lang.Class.forName(Unknown Source)
</error>
  <system-out><![CDATA[]]></system-out>
  <system-err><![CDATA[]]></system-err>
</testsuite>
